
ROM used:   9378/32768 (29%)
            9378/32768 (29%) including unused fragments

            1.2 Average locations per line
            7.0 Average locations per statement

RAM used:   443/2048 (22%) at main() level
            515/2048 (25%) worst case

Stack used: 14 worst case (7 in main + 7 for interrupts)
Stack size: 31

Lines Stmts  %   Files
----- ----- ---  -----
  359   152  11  ttmsb.c
  837     0   0  C:\Program Files\PICC\devices\18F4550.h
  699   152  11  drv\ds1820.h
   50    22   2  drv\ds1307.c
   12     2   0  conversion.c
  871   137  10  C:\Program Files\PICC\drivers\usb_cdc.h
  228     0   0  C:\Program Files\PICC\drivers\pic18_usb.h
  328     0   0  C:\Program Files\PICC\drivers\usb_hw_layer.h
  303     0   0  C:\Program Files\PICC\drivers\usb_desc_cdc.h
 1103     0   0  C:\Program Files\PICC\drivers\usb.h
 1177   237  18  C:\Program Files\PICC\drivers\usb.c
 1456   322  24  C:\Program Files\PICC\drivers\pic18_usb.c
  423   168  13  C:\Program Files\PICC\drivers\string.h
   32    43   3  C:\Program Files\PICC\drivers\stddef.h
   28   108   8  C:\Program Files\PICC\drivers\ctype.h
----- -----
 7906  1343 Total

Page ROM  %  RAM    Vol Diff  Functions:
---- --- --- ---    --- ----  ----------
0     40   0    1             @delay_ms1
0     32   0    1             @delay_us1
0     64   0    2    176  2.3  DS1820_Reset
0     44   0    1    158  2.2  DS1820_ReadBit
0     34   0    1    147  2.2  DS1820_WriteBit
0     56   0    2    216  5.2  DS1820_ReadByte
0     48   0    3    199  4.5  DS1820_WriteByte
0     58   0    3    206  5.2  DS1820_AddrDevice
0    298   2    9   1869 13.0  DS1820_FindNextDevice
0     12   0    0     59  1.9  DS1820_FindFirstDevice
0    242   1   16   1169 11.5  DS1820_GetTempRaw
0     68   0    5     48  2.1  @DIV1616
0     60   0    4     48  2.1  DS1820_GetTempFloat
0     56   0    2    206  5.2  @ITOF
0    348   2   14    293  3.5  @DIVFF
0     92   0    7    287  3.9  DS1820_GetTempString
0     30   0    5   1670 11.4  @MUL1616
0     28   0    1    338  6.4  @SPRINTF
0     40   0    3     32  1.0  @DIV88
0    176   1    6     32  1.0  @PRINTF_D_710
0    176   1    6    346  5.2  @PRINTF_D0_710
0    104   1    3    172  2.4  @I2C_READ_2
0    108   1    1     74  3.1  @I2C_WRITE_2
0    208   1    5    346  5.2  write_DS1307
0    144   1    2    172  2.4  read_DS1307
0     36   0    2     74  3.1  decToBcd
0     26   0    2     74  3.1  bcdToDec
0     32   0    0             @const856
0     32   0    0             @const859
0     48   0    0             @const862
0     48   0    0             @const865
0     84   0    0             @const868
0     18   0    0             @const871
0     24   0    0             @const874
0     34   0    0             @const879
0     60   0    0             @const883
0     78   0    4    139  4.3  usb_tbe
0     38   0    1    172  3.4  usb_detach
0     46   0    0    236  2.3  usb_attach
0      6   0    0     16  1.0  usb_init_cs
0     36   0    1    375  5.2  usb_task
0    268   1    9   1092  5.4  usb_flush_in
0    150   1   10    344  6.1  usb_put_packet
0    230   1    9    914  5.0  usb_flush_out
0     60   0    3     66  2.7  usb_rx_packet_size
0     90   0    6    258  4.6  usb_stall_ep
0     88   0    6    266  4.6  usb_unstall_ep
0    106   1    5    373  6.0  usb_endpoint_stalled
0     22   0    1     94  2.7  usb_set_address
0    422   2   12   1743 10.9  usb_set_configured
0     96   1    5    199  3.2  usb_disable_endpoint
0     22   0    1     99  3.0  usb_disable_endpoints
0      4   0    0     61  4.0  usb_clear_trn
0    114   1    2    662  6.8  usb_isr
0      6   0    0     43  2.0  usb_isr_sof
0     42   0    0    357  4.2  usb_isr_rst
0     42   0    2    458  4.4  usb_init_ep0_setup
0      8   0    0     74  2.8  usb_isr_uerr
0     10   0    0     82  2.8  usb_isr_uidle
0     16   0    0    102  3.3  usb_isr_activity
0     14   0    0    151  3.9  usb_isr_stall
0      6   0    1     30  1.7  usb_request_send_response
0      6   0    0     22  1.2  usb_request_get_data
0      4   0    0     22  1.2  usb_request_stall
0    202   1    2   3362  9.3  usb_isr_tok_dne
0      8   0    0     29  1.9  usb_enumerated
0     44   0    3    273  4.0  usb_token_reset
0     66   0    3    274  5.9  usb_endpoint_is_valid
0     34   0    1    212  3.1  usb_isr_tok_in_dne
0     18   0    1    115  2.5  usb_isr_tok_out_dne
0     50   0    0    375  6.4  usb_isr_tok_setup_dne
0    170   1    0   1454  8.3  usb_isr_tkn_setup_StandardDevice
0    140   1    3    933  7.7  usb_isr_tkn_setup_StandardInterface
0     94   1    0    753  5.8  usb_isr_tkn_setup_StandardEndpoint
0    184   1    0   1088  8.7  usb_Get_Descriptor
0     14   0    0     76  1.8  usb_finish_set_address
0    120   1    4    622  9.1  usb_copy_desc_seg_to_ep
0     64   0    0    307  6.2  usb_isr_tok_out_cdc_control_dne
0    144   1    2   1207  8.6  usb_isr_tkn_cdc
0     24   0    0    174  3.6  usb_isr_tok_out_cdc_data_dne
0      6   0    0     70  0.7  usb_isr_tok_in_cdc_data_dne
0     34   0    0    106  2.9  usb_cdc_flush_tx_buffer
0    112   1    4    280  2.3  usb_cdc_init
0     12   0    0     59  2.3  usb_cdc_get_discard
0     52   0    2    227  5.1  usb_cdc_getc
0     48   0    4    228  4.8  _usb_cdc_putc_fast_noflush
0     24   0    1     52  2.0  usb_cdc_putc_fast
0     18   0    1     80  3.1  usb_cdc_putc
0    102   1    3    612  5.4  usb_debug_task
0     26   0    0    127  1.3  @const1254
0     36   0    2    127  1.3  @PSTRINGC_9600_31766_31767
0     26   0    0     48  1.1  @const1256
0     32   0    2    110  2.9  @PSTRINGC_749
0     60   0    1    127  1.3  blink_green
0     24   0    1     48  1.1  beep
0     28   0    0    110  2.9  relay1
0     28   0    0    110  2.9  relay2
0     26   0    0     86  1.3  up
0     26   0    0     86  1.3  down
0     26   0    0     86  1.3  right
0     26   0    0     86  1.3  left
0    218   1    2    723  2.4  set_time
0      6   0    0             @const1268
0      8   0    0             @const1269
0      6   0    0    245  1.8  @const1270
0      6   0    0    245  1.8  @const1271
0      6   0    0    436  4.6  @const1272
0      6   0    0             @const1273
0    122   1    1    245  1.8  read_time
0    168   1   15    510  5.1  json_temp
0     14   0    0             @const1282
0    170   1    6             @PRINTF_D_749
0     34   0    3   1320  6.2  @PSTRINGCN_749
0    244   1   11   1320  6.2  @MULFF
0     64   0    5             @FTOSD
0    142   1   13   1191  6.2  @DIV3232
0    386   2   13   1320  6.2  @PRINTF_L32D_749FPFPF
0    422   2    2   1320  6.2  MAIN
 Inline         0             @cinit1

Program metrics:
    Functions               101
    Statements              1343
    Comments                6195
    Volume (V)              81079
    Difficulty (D)          415.7
    Effort to implement (E) 33702153
    Time to implement (T)   520 hours, 6 minutes
    Est Delivered Bugs (B)  35
    Cyclomatic Complexity   245
    Maintainability (MI)    73

 Segment     Used  Free
-----------  ----  ----
00000-00002     4  0  
00004-00006     4  0  
00008-000AC   166  0  
000AE-07FFE  9204  23390  



